<?xml version="1.0" encoding="UTF-8"?>
<!-- Generated by org.testng.reporters.JUnitReportReporter -->
<testsuite skipped="0" hostname="DESKTOP-R05PLEO" name="automation_framework.Test_NG_Class" tests="1" failures="0" timestamp="29 Aug 2018 18:05:54 GMT" time="129.891" errors="0">
  <testcase name="purchaseMagicMouse" time="129.891" classname="automation_framework.Test_NG_Class"/>
</testsuite> <!-- automation_framework.Test_NG_Class -->
