<?xml version="1.0" encoding="UTF-8"?>
<!-- Generated by org.testng.reporters.JUnitReportReporter -->
<testsuite skipped="0" hostname="DESKTOP-R05PLEO" name="automation_framework.Test_NG_Class" tests="1" failures="0" timestamp="27 Aug 2018 02:24:26 GMT" time="66.830" errors="0">
  <testcase name="purchaseMagicMouse" time="66.830" classname="automation_framework.Test_NG_Class"/>
</testsuite> <!-- automation_framework.Test_NG_Class -->
