<?xml version="1.0" encoding="UTF-8"?>
<!-- Generated by org.testng.reporters.JUnitReportReporter -->
<testsuite skipped="0" hostname="DESKTOP-R05PLEO" name="automation_framework.Test_NG_Class" tests="1" failures="0" timestamp="03 Sep 2018 19:49:54 GMT" time="88.231" errors="0">
  <testcase name="purchaseMagicMouse" time="88.231" classname="automation_framework.Test_NG_Class"/>
</testsuite> <!-- automation_framework.Test_NG_Class -->
