<?xml version="1.0" encoding="UTF-8"?>
<!-- Generated by org.testng.reporters.JUnitReportReporter -->
<testsuite skipped="0" hostname="DESKTOP-R05PLEO" name="purchaseAccessories.PurchaseMagicMouse" tests="3" failures="0" timestamp="20 Aug 2018 00:38:24 GMT" time="34.652" errors="0">
  <testcase name="openURL" time="3.526" classname="purchaseAccessories.PurchaseMagicMouse"/>
  <testcase name="selectProductAccesories" time="2.965" classname="purchaseAccessories.PurchaseMagicMouse"/>
  <testcase name="purchaseAnyProduct" time="28.161" classname="purchaseAccessories.PurchaseMagicMouse"/>
</testsuite> <!-- purchaseAccessories.PurchaseMagicMouse -->
